
ROM used:   4797/8192 (59%)
            4819/8192 (59%) including unused fragments

            2.0 Average locations per line
            8.8 Average locations per statement

RAM used:   58/368 (16%) at main() level
            231/368 (63%) worst case

Stack used: 8 worst case (1 in main + 7 for interrupts)
Stack size: 8

Lines Stmts  %   Files
----- ----- ---  -----
  257   144  27  src\main.c
  751     0   0  ..\..\..\..\Program Files (x86)\PICC\Devices\16F886.h
  249   123  23  src\josedisplay.h
  421   120  22  src\JoaquinSupportAPI\timer.h
  308    95  17  src\JoaquinSupportAPI\tiempo.h
  132    48   9  src\JoaquinSupportAPI\ds3231.h
   35     0   0  src\JoaquinSupportAPI\array.h
  138     0   0  src\JoaquinSupportAPI\sevensegmentdisplay.h
   46    13   2  src\JoaquinSupportAPI\shiftregister.h
   18     0   0  src\JoaquinSupportAPI\buttons.h
----- -----
 2355   543 Total

Page ROM  %  RAM   Vol Diff  Functions:
---- --- --- ---   --- ----  ----------
1     20   0    1             @delay_ms1
 Inline         3             @I2C_READ_1
0     76   2    1             @I2C_WRITE_1
0     23   0    4    92  3.2  bcd_to_decimal
0     39   1    2             @MUL88
0     28   1    3   104  3.7  decimal_to_bcd
0     23   0    3             @DIV88
0    178   4    2   253  3.8  DS3231_Read
0     63   1    2   136  2.8  DS3231_Write
 Inline         3   258  3.0  ds3231_get_Time
0     43   1    4   183  2.5  setTime
 Inline         5   233  2.1  setDate
 Inline         6   147  4.5  Array_clearArray
0     67   1    7   255  4.6  Array_splitNumberIntoDigits
0     39   1    5             @DIV1616
 Inline         0    32  1.0  ShiftRegister_closeStrobe
0     71   1    5   466  6.3  ShiftRegister_sendData
0     31   1    0             @const714
 Inline         7   169  4.5  SevenSegmentDisplay_changeNumbersIntoDisplayableNumbers
 Inline         7   218  5.0  SevenSegmentDisplay_changeNumbersIntoDisplayableNumbersWithDot
0    109   2    4   158  3.5  SevenSegmentDisplay_showArrayOfNumbers
 Inline         2   212  3.6  SeventSegmentDisplay_showHyphensTwoDigits
 Inline         4   121  3.3  SevenSegmentDisplay_clearDisplay
1     31   1    8   209  3.5  SevenSegmentDisplay_clearDisplayTwoLines
 Inline         7   158  3.5  Time_new
 Inline         7   197  2.9  Time_getCurrentTime
0    109   2   11   878  8.2  Time_getTimeInDigits
 Inline         3   120  3.1  Time_isTimeZero
 Inline         5   158  3.5  Time_setClockTime
0    152   3   20   231  4.4  Time_changeTimeToSeconds
0     44   1   13             @MUL3232
 Inline         0    33  1.3  Time_clearRtcTime
0    319   7   32   579  7.6  Timer_updateCountdownTime
0    124   3   14             @DIVS3232
 Inline        16   127  2.5  Timer_newMinutes
 Inline        16   125  2.6  Timer_newSeconds
 Inline        12   355  4.7  Timer_updateTimerFromEeprom
 Inline         5   149  4.9  Timer_increaseTimerMinutes
 Inline         5   149  4.9  Timer_increaseTimerSeconds
 Inline         4    48  2.9  Timer_isTimerFinished
 Inline        19   547  6.7  Timer_showMinutesOfCountdownTime
 Inline        18   525  6.7  Timer_showSecondsOfCountdownTime
 Inline        14   358  5.6  Timer_showMinutesOfLimitTime
 Inline        14   358  5.6  Timer_showSecondsOfLimitTime
 Inline         2   212  3.6  Timer_showFormatMinutes
 Inline         2   167  3.3  Timer_showFormatSeconds
0    156   3    7   429  6.1  Display_updateRtc
0    235   5    7   452  6.1  Display_updateTimer
0    100   2    0    59  1.6  Display_clearRtc
1    273   6    5   197  4.7  Display_showCount
 Inline         3   119  3.6  Display_showFormat
 Inline         5    76  2.7  Display_resume
1     74   2    3    86  2.7  Display_saveState
1     37   1    6    93  3.2  Display_setState
 Inline         5    76  2.7  Display_stop
 Inline         3   197  3.3  Display_saveRtcCurrentTime
1     66   1    4    48  2.9  Display_isTimerDone
 Inline         5   990  4.9  Display_swapFormat
 Inline         3    48  2.6  Display_saveFormat
 Inline         3   228  4.8  Display_saveAlarm
1    203   4    4   165  4.2  Display_showLimitTime
 Inline         4   165  4.2  Display_increaseAlarm
 Inline         3   230  4.7  Display_isAlarmOkay
 Inline        22  1834  7.7  Display_new
1    170   4    0    54  2.1  MAIN
0     12   0    0             @const1091
1   1018  21    4  2289  7.4  runStateMachinePart1
1     19   0    0             @goto11508
2    723  15    0  1205  8.7  Task_runStateMachine
1     30   1    0   257  4.6  Task_checkIfStartStopResetButtonIsHeld
1     30   1    0   257  4.6  Task_checkIfMenuButtonIsHeld
1     17   0    0    37  2.0  Task_blinkDisplay
 Inline         0    56  1.6  setupHardware
1     41   1    0   119  2.1  blinkDisplay
 Inline         0             @cinit1

Program metrics:
    Functions               63
    Statements              543
    Comments                384
    Volume (V)              36904
    Difficulty (D)          257.7
    Effort to implement (E) 9508702
    Time to implement (T)   146 hours, 44 minutes
    Est Delivered Bugs (B)  15
    Cyclomatic Complexity   62
    Maintainability (MI)    71

 Segment     Used  Free
-----------  ----  ----
00000-00003     4  0  
00004-007FF  2041  3  
00800-00FFF  2029  19  
01000-017FF   723  1325  
01800-01FFF     0  2048  



